<?xml version="1.0" encoding="UTF-8"?>
<!-- Generated by org.testng.reporters.JUnitReportReporter -->
<testsuite skipped="0" hostname="DESKTOP-044PKM4" name="com.api.SumValidation" tests="1" failures="0" timestamp="29 Oct 2020 11:04:29 GMT" time="2.601" errors="0">
  <testcase name="sumOfCourses" time="2.601" classname="com.api.SumValidation"/>
</testsuite> <!-- com.api.SumValidation -->
