<?xml version="1.0" encoding="UTF-8"?>
<!-- Generated by org.testng.reporters.JUnitReportReporter -->
<testsuite skipped="0" hostname="DESKTOP-044PKM4" name="com.api.DynamicJson" tests="1" failures="0" timestamp="29 Oct 2020 13:17:33 GMT" time="3.908" errors="0">
  <testcase name="addBook" time="3.908" classname="com.api.DynamicJson"/>
</testsuite> <!-- com.api.DynamicJson -->
